# JRE version: OpenJDK Runtime Environment Temurin-17.0.13+11 (17.0.13+11) (build 17.0.13+11)
# Java VM: OpenJDK 64-Bit Server VM Temurin-17.0.13+11 (17.0.13+11, mixed mode, tiered, compressed oops, compressed class ptrs, parallel gc, windows-amd64)
GC Precious Log:
 CPUs: 2 total, 2 available
 Memory: 3911M
 Large Page Support: Disabled
 NUMA Support: Disabled
 Compressed Oops: Enabled (32-bit)
 Alignments: Space 512K, Generation 512K, Heap 2M
 Heap Min Capacity: 100M
 Heap Initial Capacity: 100M
 Heap Max Capacity: 1G
 Pre-touch: Disabled
 Parallel Workers: 2
Heap:
 PSYoungGen      total 13312K, used 2210K [0x00000000eab00000, 0x00000000eba80000, 0x0000000100000000)
  eden space 10752K, 0% used [0x00000000eab00000,0x00000000eab00a38,0x00000000eb580000)
  from space 2560K, 86% used [0x00000000eb800000,0x00000000eba27ef8,0x00000000eba80000)
  to   space 2560K, 0% used [0x00000000eb580000,0x00000000eb580000,0x00000000eb800000)
 ParOldGen       total 110080K, used 93136K [0x00000000c0000000, 0x00000000c6b80000, 0x00000000eab00000)
  object space 110080K, 84% used [0x00000000c0000000,0x00000000c5af4230,0x00000000c6b80000)
 Metaspace       used 74437K, committed 75648K, reserved 1179648K
  class space    used 7864K, committed 8384K, reserved 1048576K
GC Heap History (20 events):
Event: 56.402 GC heap before
{Heap before GC invocations=61 (full 4):
 PSYoungGen      total 12800K, used 12575K [0x00000000eab00000, 0x00000000eba80000, 0x0000000100000000)
  eden space 10752K, 100% used [0x00000000eab00000,0x00000000eb580000,0x00000000eb580000)
  from space 2048K, 89% used [0x00000000eb580000,0x00000000eb747ce0,0x00000000eb780000)
  to   space 2560K, 0% used [0x00000000eb800000,0x00000000eb800000,0x00000000eba80000)
 ParOldGen       total 86528K, used 78141K [0x00000000c0000000, 0x00000000c5480000, 0x00000000eab00000)
  object space 86528K, 90% used [0x00000000c0000000,0x00000000c4c4f438,0x00000000c5480000)
 Metaspace       used 71786K, committed 73024K, reserved 1179648K
  class space    used 7473K, committed 8000K, reserved 1048576K
}
Event: 56.409 GC heap after
{Heap after GC invocations=61 (full 4):
 PSYoungGen      total 12288K, used 1392K [0x00000000eab00000, 0x00000000eb980000, 0x0000000100000000)
  eden space 10752K, 0% used [0x00000000eab00000,0x00000000eab00000,0x00000000eb580000)
  from space 1536K, 90% used [0x00000000eb800000,0x00000000eb95c0e8,0x00000000eb980000)
  to   space 2048K, 0% used [0x00000000eb580000,0x00000000eb580000,0x00000000eb780000)
 ParOldGen       total 86528K, used 79840K [0x00000000c0000000, 0x00000000c5480000, 0x00000000eab00000)
  object space 86528K, 92% used [0x00000000c0000000,0x00000000c4df8018,0x00000000c5480000)
 Metaspace       used 71786K, committed 73024K, reserved 1179648K
  class space    used 7473K, committed 8000K, reserved 1048576K
}
Event: 56.724 GC heap before
{Heap before GC invocations=62 (full 4):
 PSYoungGen      total 12288K, used 12132K [0x00000000eab00000, 0x00000000eb980000, 0x0000000100000000)
  eden space 10752K, 99% used [0x00000000eab00000,0x00000000eb57d220,0x00000000eb580000)
  from space 1536K, 90% used [0x00000000eb800000,0x00000000eb95c0e8,0x00000000eb980000)
  to   space 2048K, 0% used [0x00000000eb580000,0x00000000eb580000,0x00000000eb780000)
 ParOldGen       total 86528K, used 79840K [0x00000000c0000000, 0x00000000c5480000, 0x00000000eab00000)
  object space 86528K, 92% used [0x00000000c0000000,0x00000000c4df8018,0x00000000c5480000)
 Metaspace       used 71977K, committed 73216K, reserved 1179648K
  class space    used 7492K, committed 8000K, reserved 1048576K
}
Event: 56.751 GC heap after
{Heap after GC invocations=62 (full 4):
 PSYoungGen      total 12800K, used 2022K [0x00000000eab00000, 0x00000000ebd80000, 0x0000000100000000)
  eden space 10752K, 0% used [0x00000000eab00000,0x00000000eab00000,0x00000000eb580000)
  from space 2048K, 98% used [0x00000000eb580000,0x00000000eb779bc8,0x00000000eb780000)
  to   space 4096K, 0% used [0x00000000eb980000,0x00000000eb980000,0x00000000ebd80000)
 ParOldGen       total 86528K, used 81408K [0x00000000c0000000, 0x00000000c5480000, 0x00000000eab00000)
  object space 86528K, 94% used [0x00000000c0000000,0x00000000c4f80028,0x00000000c5480000)
 Metaspace       used 71977K, committed 73216K, reserved 1179648K
  class space    used 7492K, committed 8000K, reserved 1048576K
}
Event: 57.269 GC heap before
{Heap before GC invocations=63 (full 4):
 PSYoungGen      total 12800K, used 12722K [0x00000000eab00000, 0x00000000ebd80000, 0x0000000100000000)
  eden space 10752K, 99% used [0x00000000eab00000,0x00000000eb572da8,0x00000000eb580000)
  from space 2048K, 98% used [0x00000000eb580000,0x00000000eb779bc8,0x00000000eb780000)
  to   space 4096K, 0% used [0x00000000eb980000,0x00000000eb980000,0x00000000ebd80000)
 ParOldGen       total 86528K, used 81408K [0x00000000c0000000, 0x00000000c5480000, 0x00000000eab00000)
  object space 86528K, 94% used [0x00000000c0000000,0x00000000c4f80028,0x00000000c5480000)
 Metaspace       used 72427K, committed 73728K, reserved 1179648K
  class space    used 7538K, committed 8064K, reserved 1048576K
}
Event: 57.286 GC heap after
{Heap after GC invocations=63 (full 4):
 PSYoungGen      total 13312K, used 2226K [0x00000000eab00000, 0x00000000ebc00000, 0x0000000100000000)
  eden space 10752K, 0% used [0x00000000eab00000,0x00000000eab00000,0x00000000eb580000)
  from space 2560K, 86% used [0x00000000eb980000,0x00000000ebbacb28,0x00000000ebc00000)
  to   space 3072K, 0% used [0x00000000eb600000,0x00000000eb600000,0x00000000eb900000)
 ParOldGen       total 86528K, used 83350K [0x00000000c0000000, 0x00000000c5480000, 0x00000000eab00000)
  object space 86528K, 96% used [0x00000000c0000000,0x00000000c5165960,0x00000000c5480000)
 Metaspace       used 72427K, committed 73728K, reserved 1179648K
  class space    used 7538K, committed 8064K, reserved 1048576K
}
Event: 57.683 GC heap before
{Heap before GC invocations=64 (full 4):
 PSYoungGen      total 13312K, used 12978K [0x00000000eab00000, 0x00000000ebc00000, 0x0000000100000000)
  eden space 10752K, 100% used [0x00000000eab00000,0x00000000eb580000,0x00000000eb580000)
  from space 2560K, 86% used [0x00000000eb980000,0x00000000ebbacb28,0x00000000ebc00000)
  to   space 3072K, 0% used [0x00000000eb600000,0x00000000eb600000,0x00000000eb900000)
 ParOldGen       total 86528K, used 83350K [0x00000000c0000000, 0x00000000c5480000, 0x00000000eab00000)
  object space 86528K, 96% used [0x00000000c0000000,0x00000000c5165960,0x00000000c5480000)
 Metaspace       used 72700K, committed 73984K, reserved 1179648K
  class space    used 7584K, committed 8128K, reserved 1048576K
}
Event: 57.690 GC heap after
{Heap after GC invocations=64 (full 4):
 PSYoungGen      total 12800K, used 1839K [0x00000000eab00000, 0x00000000eba80000, 0x0000000100000000)
  eden space 10752K, 0% used [0x00000000eab00000,0x00000000eab00000,0x00000000eb580000)
  from space 2048K, 89% used [0x00000000eb600000,0x00000000eb7cbf00,0x00000000eb800000)
  to   space 2560K, 0% used [0x00000000eb800000,0x00000000eb800000,0x00000000eba80000)
 ParOldGen       total 86528K, used 85424K [0x00000000c0000000, 0x00000000c5480000, 0x00000000eab00000)
  object space 86528K, 98% used [0x00000000c0000000,0x00000000c536c038,0x00000000c5480000)
 Metaspace       used 72700K, committed 73984K, reserved 1179648K
  class space    used 7584K, committed 8128K, reserved 1048576K
}
Event: 58.322 GC heap before
{Heap before GC invocations=65 (full 5):
 PSYoungGen      total 12800K, used 12591K [0x00000000eab00000, 0x00000000eba80000, 0x0000000100000000)
  eden space 10752K, 100% used [0x00000000eab00000,0x00000000eb580000,0x00000000eb580000)
  from space 2048K, 89% used [0x00000000eb600000,0x00000000eb7cbf00,0x00000000eb800000)
  to   space 2560K, 0% used [0x00000000eb800000,0x00000000eb800000,0x00000000eba80000)
 ParOldGen       total 86528K, used 85424K [0x00000000c0000000, 0x00000000c5480000, 0x00000000eab00000)
  object space 86528K, 98% used [0x00000000c0000000,0x00000000c536c038,0x00000000c5480000)
 Metaspace       used 72982K, committed 74240K, reserved 1179648K
  class space    used 7616K, committed 8128K, reserved 1048576K
}
Event: 58.702 GC heap after
{Heap after GC invocations=65 (full 5):
 PSYoungGen      total 13312K, used 0K [0x00000000eab00000, 0x00000000eba80000, 0x0000000100000000)
  eden space 10752K, 0% used [0x00000000eab00000,0x00000000eab00000,0x00000000eb580000)
  from space 2560K, 0% used [0x00000000eb800000,0x00000000eb800000,0x00000000eba80000)
  to   space 2560K, 0% used [0x00000000eb580000,0x00000000eb580000,0x00000000eb800000)
 ParOldGen       total 110080K, used 83274K [0x00000000c0000000, 0x00000000c6b80000, 0x00000000eab00000)
  object space 110080K, 75% used [0x00000000c0000000,0x00000000c51529c8,0x00000000c6b80000)
 Metaspace       used 72982K, committed 74240K, reserved 1179648K
  class space    used 7616K, committed 8128K, reserved 1048576K
}
Event: 59.088 GC heap before
{Heap before GC invocations=66 (full 5):
 PSYoungGen      total 13312K, used 10752K [0x00000000eab00000, 0x00000000eba80000, 0x0000000100000000)
  eden space 10752K, 100% used [0x00000000eab00000,0x00000000eb580000,0x00000000eb580000)
  from space 2560K, 0% used [0x00000000eb800000,0x00000000eb800000,0x00000000eba80000)
  to   space 2560K, 0% used [0x00000000eb580000,0x00000000eb580000,0x00000000eb800000)
 ParOldGen       total 110080K, used 83274K [0x00000000c0000000, 0x00000000c6b80000, 0x00000000eab00000)
  object space 110080K, 75% used [0x00000000c0000000,0x00000000c51529c8,0x00000000c6b80000)
 Metaspace       used 73270K, committed 74560K, reserved 1179648K
  class space    used 7647K, committed 8192K, reserved 1048576K
}
Event: 59.096 GC heap after
{Heap after GC invocations=66 (full 5):
 PSYoungGen      total 13312K, used 2123K [0x00000000eab00000, 0x00000000eba80000, 0x0000000100000000)
  eden space 10752K, 0% used [0x00000000eab00000,0x00000000eab00000,0x00000000eb580000)
  from space 2560K, 82% used [0x00000000eb580000,0x00000000eb792c08,0x00000000eb800000)
  to   space 2560K, 0% used [0x00000000eb800000,0x00000000eb800000,0x00000000eba80000)
 ParOldGen       total 110080K, used 83274K [0x00000000c0000000, 0x00000000c6b80000, 0x00000000eab00000)
  object space 110080K, 75% used [0x00000000c0000000,0x00000000c51529c8,0x00000000c6b80000)
 Metaspace       used 73270K, committed 74560K, reserved 1179648K
  class space    used 7647K, committed 8192K, reserved 1048576K
}
Event: 59.952 GC heap before
{Heap before GC invocations=67 (full 5):
 PSYoungGen      total 13312K, used 12875K [0x00000000eab00000, 0x00000000eba80000, 0x0000000100000000)
  eden space 10752K, 100% used [0x00000000eab00000,0x00000000eb580000,0x00000000eb580000)
  from space 2560K, 82% used [0x00000000eb580000,0x00000000eb792c08,0x00000000eb800000)
  to   space 2560K, 0% used [0x00000000eb800000,0x00000000eb800000,0x00000000eba80000)
 ParOldGen       total 110080K, used 83274K [0x00000000c0000000, 0x00000000c6b80000, 0x00000000eab00000)
  object space 110080K, 75% used [0x00000000c0000000,0x00000000c51529c8,0x00000000c6b80000)
 Metaspace       used 73525K, committed 74816K, reserved 1179648K
  class space    used 7714K, committed 8256K, reserved 1048576K
}
Event: 59.959 GC heap after
{Heap after GC invocations=67 (full 5):
 PSYoungGen      total 13312K, used 2091K [0x00000000eab00000, 0x00000000eba80000, 0x0000000100000000)
  eden space 10752K, 0% used [0x00000000eab00000,0x00000000eab00000,0x00000000eb580000)
  from space 2560K, 81% used [0x00000000eb800000,0x00000000eba0afd8,0x00000000eba80000)
  to   space 2560K, 0% used [0x00000000eb580000,0x00000000eb580000,0x00000000eb800000)
 ParOldGen       total 110080K, used 85303K [0x00000000c0000000, 0x00000000c6b80000, 0x00000000eab00000)
  object space 110080K, 77% used [0x00000000c0000000,0x00000000c534de38,0x00000000c6b80000)
 Metaspace       used 73525K, committed 74816K, reserved 1179648K
  class space    used 7714K, committed 8256K, reserved 1048576K
}
Event: 60.447 GC heap before
{Heap before GC invocations=68 (full 5):
 PSYoungGen      total 13312K, used 12843K [0x00000000eab00000, 0x00000000eba80000, 0x0000000100000000)
  eden space 10752K, 100% used [0x00000000eab00000,0x00000000eb580000,0x00000000eb580000)
  from space 2560K, 81% used [0x00000000eb800000,0x00000000eba0afd8,0x00000000eba80000)
  to   space 2560K, 0% used [0x00000000eb580000,0x00000000eb580000,0x00000000eb800000)
 ParOldGen       total 110080K, used 85303K [0x00000000c0000000, 0x00000000c6b80000, 0x00000000eab00000)
  object space 110080K, 77% used [0x00000000c0000000,0x00000000c534de38,0x00000000c6b80000)
 Metaspace       used 73783K, committed 75072K, reserved 1179648K
  class space    used 7765K, committed 8320K, reserved 1048576K
}
Event: 60.453 GC heap after
{Heap after GC invocations=68 (full 5):
 PSYoungGen      total 13312K, used 2531K [0x00000000eab00000, 0x00000000ebe80000, 0x0000000100000000)
  eden space 10752K, 0% used [0x00000000eab00000,0x00000000eab00000,0x00000000eb580000)
  from space 2560K, 98% used [0x00000000eb580000,0x00000000eb7f8d80,0x00000000eb800000)
  to   space 4608K, 0% used [0x00000000eba00000,0x00000000eba00000,0x00000000ebe80000)
 ParOldGen       total 110080K, used 86785K [0x00000000c0000000, 0x00000000c6b80000, 0x00000000eab00000)
  object space 110080K, 78% used [0x00000000c0000000,0x00000000c54c05c0,0x00000000c6b80000)
 Metaspace       used 73783K, committed 75072K, reserved 1179648K
  class space    used 7765K, committed 8320K, reserved 1048576K
}
Event: 60.794 GC heap before
{Heap before GC invocations=69 (full 5):
 PSYoungGen      total 13312K, used 13283K [0x00000000eab00000, 0x00000000ebe80000, 0x0000000100000000)
  eden space 10752K, 100% used [0x00000000eab00000,0x00000000eb580000,0x00000000eb580000)
  from space 2560K, 98% used [0x00000000eb580000,0x00000000eb7f8d80,0x00000000eb800000)
  to   space 4608K, 0% used [0x00000000eba00000,0x00000000eba00000,0x00000000ebe80000)
 ParOldGen       total 110080K, used 86785K [0x00000000c0000000, 0x00000000c6b80000, 0x00000000eab00000)
  object space 110080K, 78% used [0x00000000c0000000,0x00000000c54c05c0,0x00000000c6b80000)
 Metaspace       used 74012K, committed 75264K, reserved 1179648K
  class space    used 7810K, committed 8320K, reserved 1048576K
}
Event: 60.838 GC heap after
{Heap after GC invocations=69 (full 5):
 PSYoungGen      total 12800K, used 1998K [0x00000000eab00000, 0x00000000ebc00000, 0x0000000100000000)
  eden space 10752K, 0% used [0x00000000eab00000,0x00000000eab00000,0x00000000eb580000)
  from space 2048K, 97% used [0x00000000eba00000,0x00000000ebbf3958,0x00000000ebc00000)
  to   space 3072K, 0% used [0x00000000eb600000,0x00000000eb600000,0x00000000eb900000)
 ParOldGen       total 110080K, used 89255K [0x00000000c0000000, 0x00000000c6b80000, 0x00000000eab00000)
  object space 110080K, 81% used [0x00000000c0000000,0x00000000c5729d40,0x00000000c6b80000)
 Metaspace       used 74012K, committed 75264K, reserved 1179648K
  class space    used 7810K, committed 8320K, reserved 1048576K
}
Event: 61.552 GC heap before
{Heap before GC invocations=70 (full 5):
 PSYoungGen      total 12800K, used 12750K [0x00000000eab00000, 0x00000000ebc00000, 0x0000000100000000)
  eden space 10752K, 100% used [0x00000000eab00000,0x00000000eb580000,0x00000000eb580000)
  from space 2048K, 97% used [0x00000000eba00000,0x00000000ebbf3958,0x00000000ebc00000)
  to   space 3072K, 0% used [0x00000000eb600000,0x00000000eb600000,0x00000000eb900000)
 ParOldGen       total 110080K, used 89255K [0x00000000c0000000, 0x00000000c6b80000, 0x00000000eab00000)
  object space 110080K, 81% used [0x00000000c0000000,0x00000000c5729d40,0x00000000c6b80000)
 Metaspace       used 74273K, committed 75520K, reserved 1179648K
  class space    used 7830K, committed 8384K, reserved 1048576K
}
Event: 61.563 GC heap after
{Heap after GC invocations=70 (full 5):
 PSYoungGen      total 12800K, used 2014K [0x00000000eab00000, 0x00000000eba80000, 0x0000000100000000)
  eden space 10752K, 0% used [0x00000000eab00000,0x00000000eab00000,0x00000000eb580000)
  from space 2048K, 98% used [0x00000000eb600000,0x00000000eb7f7a78,0x00000000eb800000)
  to   space 2560K, 0% used [0x00000000eb800000,0x00000000eb800000,0x00000000eba80000)
 ParOldGen       total 110080K, used 91173K [0x00000000c0000000, 0x00000000c6b80000, 0x00000000eab00000)
  object space 110080K, 82% used [0x00000000c0000000,0x00000000c5909520,0x00000000c6b80000)
 Metaspace       used 74273K, committed 75520K, reserved 1179648K
  class space    used 7830K, committed 8384K, reserved 1048576K
}

