# JRE version: OpenJDK Runtime Environment Temurin-17.0.13+11 (17.0.13+11) (build 17.0.13+11)
# Java VM: OpenJDK 64-Bit Server VM Temurin-17.0.13+11 (17.0.13+11, mixed mode, tiered, compressed oops, compressed class ptrs, parallel gc, windows-amd64)
GC Precious Log:
 CPUs: 2 total, 2 available
 Memory: 3911M
 Large Page Support: Disabled
 NUMA Support: Disabled
 Compressed Oops: Enabled (32-bit)
 Alignments: Space 512K, Generation 512K, Heap 2M
 Heap Min Capacity: 100M
 Heap Initial Capacity: 100M
 Heap Max Capacity: 1G
 Pre-touch: Disabled
 Parallel Workers: 2
Heap:
 PSYoungGen      total 7168K, used 1805K [0x00000000eab00000, 0x00000000eb600000, 0x0000000100000000)
  eden space 6144K, 17% used [0x00000000eab00000,0x00000000eac134e0,0x00000000eb100000)
  from space 1024K, 68% used [0x00000000eb500000,0x00000000eb5b0040,0x00000000eb600000)
  to   space 2048K, 0% used [0x00000000eb200000,0x00000000eb200000,0x00000000eb400000)
 ParOldGen       total 125952K, used 106198K [0x00000000c0000000, 0x00000000c7b00000, 0x00000000eab00000)
  object space 125952K, 84% used [0x00000000c0000000,0x00000000c67b59e0,0x00000000c7b00000)
 Metaspace       used 96578K, committed 97792K, reserved 1179648K
  class space    used 9594K, committed 10112K, reserved 1048576K
GC Heap History (20 events):
Event: 20277.001 GC heap before
{Heap before GC invocations=8648 (full 113):
 PSYoungGen      total 3072K, used 3008K [0x00000000eab00000, 0x00000000eaf00000, 0x0000000100000000)
  eden space 2560K, 100% used [0x00000000eab00000,0x00000000ead80000,0x00000000ead80000)
  from space 512K, 87% used [0x00000000eae00000,0x00000000eae70000,0x00000000eae80000)
  to   space 512K, 0% used [0x00000000eae80000,0x00000000eae80000,0x00000000eaf00000)
 ParOldGen       total 123392K, used 112699K [0x00000000c0000000, 0x00000000c7880000, 0x00000000eab00000)
  object space 123392K, 91% used [0x00000000c0000000,0x00000000c6e0ef90,0x00000000c7880000)
 Metaspace       used 96562K, committed 97728K, reserved 1179648K
  class space    used 9594K, committed 10112K, reserved 1048576K
}
Event: 20277.005 GC heap after
{Heap after GC invocations=8648 (full 113):
 PSYoungGen      total 3072K, used 64K [0x00000000eab00000, 0x00000000eaf00000, 0x0000000100000000)
  eden space 2560K, 0% used [0x00000000eab00000,0x00000000eab00000,0x00000000ead80000)
  from space 512K, 12% used [0x00000000eae80000,0x00000000eae90000,0x00000000eaf00000)
  to   space 512K, 0% used [0x00000000eae00000,0x00000000eae00000,0x00000000eae80000)
 ParOldGen       total 123392K, used 112707K [0x00000000c0000000, 0x00000000c7880000, 0x00000000eab00000)
  object space 123392K, 91% used [0x00000000c0000000,0x00000000c6e10f90,0x00000000c7880000)
 Metaspace       used 96562K, committed 97728K, reserved 1179648K
  class space    used 9594K, committed 10112K, reserved 1048576K
}
Event: 20277.698 GC heap before
{Heap before GC invocations=8649 (full 113):
 PSYoungGen      total 3072K, used 2624K [0x00000000eab00000, 0x00000000eaf00000, 0x0000000100000000)
  eden space 2560K, 100% used [0x00000000eab00000,0x00000000ead80000,0x00000000ead80000)
  from space 512K, 12% used [0x00000000eae80000,0x00000000eae90000,0x00000000eaf00000)
  to   space 512K, 0% used [0x00000000eae00000,0x00000000eae00000,0x00000000eae80000)
 ParOldGen       total 123392K, used 112707K [0x00000000c0000000, 0x00000000c7880000, 0x00000000eab00000)
  object space 123392K, 91% used [0x00000000c0000000,0x00000000c6e10f90,0x00000000c7880000)
 Metaspace       used 96563K, committed 97728K, reserved 1179648K
  class space    used 9594K, committed 10112K, reserved 1048576K
}
Event: 20277.701 GC heap after
{Heap after GC invocations=8649 (full 113):
 PSYoungGen      total 3072K, used 64K [0x00000000eab00000, 0x00000000eaf00000, 0x0000000100000000)
  eden space 2560K, 0% used [0x00000000eab00000,0x00000000eab00000,0x00000000ead80000)
  from space 512K, 12% used [0x00000000eae00000,0x00000000eae10000,0x00000000eae80000)
  to   space 512K, 0% used [0x00000000eae80000,0x00000000eae80000,0x00000000eaf00000)
 ParOldGen       total 123392K, used 112715K [0x00000000c0000000, 0x00000000c7880000, 0x00000000eab00000)
  object space 123392K, 91% used [0x00000000c0000000,0x00000000c6e12f90,0x00000000c7880000)
 Metaspace       used 96563K, committed 97728K, reserved 1179648K
  class space    used 9594K, committed 10112K, reserved 1048576K
}
Event: 20278.086 GC heap before
{Heap before GC invocations=8650 (full 113):
 PSYoungGen      total 3072K, used 2624K [0x00000000eab00000, 0x00000000eaf00000, 0x0000000100000000)
  eden space 2560K, 100% used [0x00000000eab00000,0x00000000ead80000,0x00000000ead80000)
  from space 512K, 12% used [0x00000000eae00000,0x00000000eae10000,0x00000000eae80000)
  to   space 512K, 0% used [0x00000000eae80000,0x00000000eae80000,0x00000000eaf00000)
 ParOldGen       total 123392K, used 112715K [0x00000000c0000000, 0x00000000c7880000, 0x00000000eab00000)
  object space 123392K, 91% used [0x00000000c0000000,0x00000000c6e12f90,0x00000000c7880000)
 Metaspace       used 96568K, committed 97792K, reserved 1179648K
  class space    used 9594K, committed 10112K, reserved 1048576K
}
Event: 20278.089 GC heap after
{Heap after GC invocations=8650 (full 113):
 PSYoungGen      total 3072K, used 288K [0x00000000eab00000, 0x00000000eaf00000, 0x0000000100000000)
  eden space 2560K, 0% used [0x00000000eab00000,0x00000000eab00000,0x00000000ead80000)
  from space 512K, 56% used [0x00000000eae80000,0x00000000eaec8020,0x00000000eaf00000)
  to   space 512K, 0% used [0x00000000eae00000,0x00000000eae00000,0x00000000eae80000)
 ParOldGen       total 123392K, used 112731K [0x00000000c0000000, 0x00000000c7880000, 0x00000000eab00000)
  object space 123392K, 91% used [0x00000000c0000000,0x00000000c6e16f90,0x00000000c7880000)
 Metaspace       used 96568K, committed 97792K, reserved 1179648K
  class space    used 9594K, committed 10112K, reserved 1048576K
}
Event: 20278.103 GC heap before
{Heap before GC invocations=8651 (full 113):
 PSYoungGen      total 3072K, used 2848K [0x00000000eab00000, 0x00000000eaf00000, 0x0000000100000000)
  eden space 2560K, 100% used [0x00000000eab00000,0x00000000ead80000,0x00000000ead80000)
  from space 512K, 56% used [0x00000000eae80000,0x00000000eaec8020,0x00000000eaf00000)
  to   space 512K, 0% used [0x00000000eae00000,0x00000000eae00000,0x00000000eae80000)
 ParOldGen       total 123392K, used 112731K [0x00000000c0000000, 0x00000000c7880000, 0x00000000eab00000)
  object space 123392K, 91% used [0x00000000c0000000,0x00000000c6e16f90,0x00000000c7880000)
 Metaspace       used 96568K, committed 97792K, reserved 1179648K
  class space    used 9594K, committed 10112K, reserved 1048576K
}
Event: 20278.109 GC heap after
{Heap after GC invocations=8651 (full 113):
 PSYoungGen      total 3072K, used 481K [0x00000000eab00000, 0x00000000eb380000, 0x0000000100000000)
  eden space 2560K, 0% used [0x00000000eab00000,0x00000000eab00000,0x00000000ead80000)
  from space 512K, 94% used [0x00000000eae00000,0x00000000eae78608,0x00000000eae80000)
  to   space 3072K, 0% used [0x00000000eb080000,0x00000000eb080000,0x00000000eb380000)
 ParOldGen       total 123392K, used 114898K [0x00000000c0000000, 0x00000000c7880000, 0x00000000eab00000)
  object space 123392K, 93% used [0x00000000c0000000,0x00000000c7034a38,0x00000000c7880000)
 Metaspace       used 96568K, committed 97792K, reserved 1179648K
  class space    used 9594K, committed 10112K, reserved 1048576K
}
Event: 20278.134 GC heap before
{Heap before GC invocations=8652 (full 113):
 PSYoungGen      total 3072K, used 2913K [0x00000000eab00000, 0x00000000eb380000, 0x0000000100000000)
  eden space 2560K, 94% used [0x00000000eab00000,0x00000000ead5ff08,0x00000000ead80000)
  from space 512K, 94% used [0x00000000eae00000,0x00000000eae78608,0x00000000eae80000)
  to   space 3072K, 0% used [0x00000000eb080000,0x00000000eb080000,0x00000000eb380000)
 ParOldGen       total 123392K, used 114898K [0x00000000c0000000, 0x00000000c7880000, 0x00000000eab00000)
  object space 123392K, 93% used [0x00000000c0000000,0x00000000c7034a38,0x00000000c7880000)
 Metaspace       used 96568K, committed 97792K, reserved 1179648K
  class space    used 9594K, committed 10112K, reserved 1048576K
}
Event: 20278.139 GC heap after
{Heap after GC invocations=8652 (full 113):
 PSYoungGen      total 4096K, used 1217K [0x00000000eab00000, 0x00000000eb200000, 0x0000000100000000)
  eden space 2560K, 0% used [0x00000000eab00000,0x00000000eab00000,0x00000000ead80000)
  from space 1536K, 79% used [0x00000000eb080000,0x00000000eb1b0608,0x00000000eb200000)
  to   space 2048K, 0% used [0x00000000eae00000,0x00000000eae00000,0x00000000eb000000)
 ParOldGen       total 123392K, used 115090K [0x00000000c0000000, 0x00000000c7880000, 0x00000000eab00000)
  object space 123392K, 93% used [0x00000000c0000000,0x00000000c7064a38,0x00000000c7880000)
 Metaspace       used 96568K, committed 97792K, reserved 1179648K
  class space    used 9594K, committed 10112K, reserved 1048576K
}
Event: 20278.157 GC heap before
{Heap before GC invocations=8653 (full 113):
 PSYoungGen      total 4096K, used 3777K [0x00000000eab00000, 0x00000000eb200000, 0x0000000100000000)
  eden space 2560K, 100% used [0x00000000eab00000,0x00000000ead80000,0x00000000ead80000)
  from space 1536K, 79% used [0x00000000eb080000,0x00000000eb1b0608,0x00000000eb200000)
  to   space 2048K, 0% used [0x00000000eae00000,0x00000000eae00000,0x00000000eb000000)
 ParOldGen       total 123392K, used 115090K [0x00000000c0000000, 0x00000000c7880000, 0x00000000eab00000)
  object space 123392K, 93% used [0x00000000c0000000,0x00000000c7064a38,0x00000000c7880000)
 Metaspace       used 96568K, committed 97792K, reserved 1179648K
  class space    used 9594K, committed 10112K, reserved 1048576K
}
Event: 20278.165 GC heap after
{Heap after GC invocations=8653 (full 113):
 PSYoungGen      total 4608K, used 2017K [0x00000000eab00000, 0x00000000eb680000, 0x0000000100000000)
  eden space 2560K, 0% used [0x00000000eab00000,0x00000000eab00000,0x00000000ead80000)
  from space 2048K, 98% used [0x00000000eae00000,0x00000000eaff8608,0x00000000eb000000)
  to   space 4608K, 0% used [0x00000000eb200000,0x00000000eb200000,0x00000000eb680000)
 ParOldGen       total 123392K, used 116796K [0x00000000c0000000, 0x00000000c7880000, 0x00000000eab00000)
  object space 123392K, 94% used [0x00000000c0000000,0x00000000c720f040,0x00000000c7880000)
 Metaspace       used 96568K, committed 97792K, reserved 1179648K
  class space    used 9594K, committed 10112K, reserved 1048576K
}
Event: 20278.181 GC heap before
{Heap before GC invocations=8654 (full 113):
 PSYoungGen      total 4608K, used 4577K [0x00000000eab00000, 0x00000000eb680000, 0x0000000100000000)
  eden space 2560K, 100% used [0x00000000eab00000,0x00000000ead80000,0x00000000ead80000)
  from space 2048K, 98% used [0x00000000eae00000,0x00000000eaff8608,0x00000000eb000000)
  to   space 4608K, 0% used [0x00000000eb200000,0x00000000eb200000,0x00000000eb680000)
 ParOldGen       total 123392K, used 116796K [0x00000000c0000000, 0x00000000c7880000, 0x00000000eab00000)
  object space 123392K, 94% used [0x00000000c0000000,0x00000000c720f040,0x00000000c7880000)
 Metaspace       used 96568K, committed 97792K, reserved 1179648K
  class space    used 9594K, committed 10112K, reserved 1048576K
}
Event: 20278.188 GC heap after
{Heap after GC invocations=8654 (full 113):
 PSYoungGen      total 5120K, used 1891K [0x00000000eab00000, 0x00000000eb400000, 0x0000000100000000)
  eden space 3072K, 0% used [0x00000000eab00000,0x00000000eab00000,0x00000000eae00000)
  from space 2048K, 92% used [0x00000000eb200000,0x00000000eb3d8c30,0x00000000eb400000)
  to   space 2560K, 0% used [0x00000000eaf00000,0x00000000eaf00000,0x00000000eb180000)
 ParOldGen       total 123392K, used 118813K [0x00000000c0000000, 0x00000000c7880000, 0x00000000eab00000)
  object space 123392K, 96% used [0x00000000c0000000,0x00000000c7407648,0x00000000c7880000)
 Metaspace       used 96568K, committed 97792K, reserved 1179648K
  class space    used 9594K, committed 10112K, reserved 1048576K
}
Event: 20278.207 GC heap before
{Heap before GC invocations=8655 (full 113):
 PSYoungGen      total 5120K, used 4963K [0x00000000eab00000, 0x00000000eb400000, 0x0000000100000000)
  eden space 3072K, 100% used [0x00000000eab00000,0x00000000eae00000,0x00000000eae00000)
  from space 2048K, 92% used [0x00000000eb200000,0x00000000eb3d8c30,0x00000000eb400000)
  to   space 2560K, 0% used [0x00000000eaf00000,0x00000000eaf00000,0x00000000eb180000)
 ParOldGen       total 123392K, used 118813K [0x00000000c0000000, 0x00000000c7880000, 0x00000000eab00000)
  object space 123392K, 96% used [0x00000000c0000000,0x00000000c7407648,0x00000000c7880000)
 Metaspace       used 96568K, committed 97792K, reserved 1179648K
  class space    used 9594K, committed 10112K, reserved 1048576K
}
Event: 20278.218 GC heap after
{Heap after GC invocations=8655 (full 113):
 PSYoungGen      total 6656K, used 2560K [0x00000000eab00000, 0x00000000eba00000, 0x0000000100000000)
  eden space 4096K, 0% used [0x00000000eab00000,0x00000000eab00000,0x00000000eaf00000)
  from space 2560K, 100% used [0x00000000eaf00000,0x00000000eb180000,0x00000000eb180000)
  to   space 5632K, 0% used [0x00000000eb480000,0x00000000eb480000,0x00000000eba00000)
 ParOldGen       total 123392K, used 120994K [0x00000000c0000000, 0x00000000c7880000, 0x00000000eab00000)
  object space 123392K, 98% used [0x00000000c0000000,0x00000000c7628858,0x00000000c7880000)
 Metaspace       used 96568K, committed 97792K, reserved 1179648K
  class space    used 9594K, committed 10112K, reserved 1048576K
}
Event: 20278.243 GC heap before
{Heap before GC invocations=8656 (full 113):
 PSYoungGen      total 6656K, used 6656K [0x00000000eab00000, 0x00000000eba00000, 0x0000000100000000)
  eden space 4096K, 100% used [0x00000000eab00000,0x00000000eaf00000,0x00000000eaf00000)
  from space 2560K, 100% used [0x00000000eaf00000,0x00000000eb180000,0x00000000eb180000)
  to   space 5632K, 0% used [0x00000000eb480000,0x00000000eb480000,0x00000000eba00000)
 ParOldGen       total 123392K, used 120994K [0x00000000c0000000, 0x00000000c7880000, 0x00000000eab00000)
  object space 123392K, 98% used [0x00000000c0000000,0x00000000c7628858,0x00000000c7880000)
 Metaspace       used 96568K, committed 97792K, reserved 1179648K
  class space    used 9594K, committed 10112K, reserved 1048576K
}
Event: 20278.258 GC heap after
{Heap after GC invocations=8656 (full 113):
 PSYoungGen      total 8704K, used 3235K [0x00000000eab00000, 0x00000000eb800000, 0x0000000100000000)
  eden space 5120K, 0% used [0x00000000eab00000,0x00000000eab00000,0x00000000eb000000)
  from space 3584K, 90% used [0x00000000eb480000,0x00000000eb7a8c10,0x00000000eb800000)
  to   space 4096K, 0% used [0x00000000eb000000,0x00000000eb000000,0x00000000eb400000)
 ParOldGen       total 123904K, used 123506K [0x00000000c0000000, 0x00000000c7900000, 0x00000000eab00000)
  object space 123904K, 99% used [0x00000000c0000000,0x00000000c789c858,0x00000000c7900000)
 Metaspace       used 96568K, committed 97792K, reserved 1179648K
  class space    used 9594K, committed 10112K, reserved 1048576K
}
Event: 20279.675 GC heap before
{Heap before GC invocations=8657 (full 114):
 PSYoungGen      total 8704K, used 8355K [0x00000000eab00000, 0x00000000eb800000, 0x0000000100000000)
  eden space 5120K, 100% used [0x00000000eab00000,0x00000000eb000000,0x00000000eb000000)
  from space 3584K, 90% used [0x00000000eb480000,0x00000000eb7a8c10,0x00000000eb800000)
  to   space 4096K, 0% used [0x00000000eb000000,0x00000000eb000000,0x00000000eb400000)
 ParOldGen       total 123904K, used 123506K [0x00000000c0000000, 0x00000000c7900000, 0x00000000eab00000)
  object space 123904K, 99% used [0x00000000c0000000,0x00000000c789c858,0x00000000c7900000)
 Metaspace       used 96568K, committed 97792K, reserved 1179648K
  class space    used 9594K, committed 10112K, reserved 1048576K
}
Event: 20280.018 GC heap after
{Heap after GC invocations=8657 (full 114):
 PSYoungGen      total 9216K, used 0K [0x00000000eab00000, 0x00000000eb900000, 0x0000000100000000)
  eden space 5120K, 0% used [0x00000000eab00000,0x00000000eab00000,0x00000000eb000000)
  from space 4096K, 0% used [0x00000000eb000000,0x00000000eb000000,0x00000000eb400000)
  to   space 4096K, 0% used [0x00000000eb500000,0x00000000eb500000,0x00000000eb900000)
 ParOldGen       total 125952K, used 106198K [0x00000000c0000000, 0x00000000c7b00000, 0x00000000eab00000)
  object space 125952K, 84% used [0x00000000c0000000,0x00000000c67b59e0,0x00000000c7b00000)
 Metaspace       used 96568K, committed 97792K, reserved 1179648K
  class space    used 9594K, committed 10112K, reserved 1048576K
}

